  Dijkstra_Algorithm_Dynamic_Demonstration.cpp
D:\C++Projects\Dijkstra_Algorithm_Dynamic_Demonstration\Dijkstra_Algorithm_Dynamic_Demonstration\Dijkstra_Algorithm_Dynamic_Demonstration.cpp(153,55): warning C4244: “参数”: 从“const double”转换到“T”，可能丢失数据
          with
          [
              T=float
          ]
D:\C++Projects\Dijkstra_Algorithm_Dynamic_Demonstration\Dijkstra_Algorithm_Dynamic_Demonstration\Dijkstra_Algorithm_Dynamic_Demonstration.cpp(153,47): warning C4244: “参数”: 从“const double”转换到“T”，可能丢失数据
          with
          [
              T=float
          ]
D:\C++Projects\Dijkstra_Algorithm_Dynamic_Demonstration\Dijkstra_Algorithm_Dynamic_Demonstration\Dijkstra_Algorithm_Dynamic_Demonstration.cpp(194,33): warning C4244: “参数”: 从“const double”转换到“float”，可能丢失数据
D:\C++Projects\Dijkstra_Algorithm_Dynamic_Demonstration\Dijkstra_Algorithm_Dynamic_Demonstration\Dijkstra_Algorithm_Dynamic_Demonstration.cpp(194,25): warning C4244: “参数”: 从“const double”转换到“float”，可能丢失数据
D:\C++Projects\Dijkstra_Algorithm_Dynamic_Demonstration\Dijkstra_Algorithm_Dynamic_Demonstration\Dijkstra_Algorithm_Dynamic_Demonstration.cpp(227,48): warning C4305: “参数”: 从“int”到“sf::Uint8”截断
D:\C++Projects\Dijkstra_Algorithm_Dynamic_Demonstration\Dijkstra_Algorithm_Dynamic_Demonstration\Dijkstra_Algorithm_Dynamic_Demonstration.cpp(227,48): warning C4309: “参数”: 截断常量值
D:\C++Projects\Dijkstra_Algorithm_Dynamic_Demonstration\Dijkstra_Algorithm_Dynamic_Demonstration\Dijkstra_Algorithm_Dynamic_Demonstration.cpp(238,52): warning C4305: “参数”: 从“int”到“sf::Uint8”截断
D:\C++Projects\Dijkstra_Algorithm_Dynamic_Demonstration\Dijkstra_Algorithm_Dynamic_Demonstration\Dijkstra_Algorithm_Dynamic_Demonstration.cpp(238,52): warning C4309: “参数”: 截断常量值
D:\C++Projects\Dijkstra_Algorithm_Dynamic_Demonstration\Dijkstra_Algorithm_Dynamic_Demonstration\Dijkstra_Algorithm_Dynamic_Demonstration.cpp(249,52): warning C4305: “参数”: 从“int”到“sf::Uint8”截断
D:\C++Projects\Dijkstra_Algorithm_Dynamic_Demonstration\Dijkstra_Algorithm_Dynamic_Demonstration\Dijkstra_Algorithm_Dynamic_Demonstration.cpp(249,52): warning C4309: “参数”: 截断常量值
D:\C++Projects\Dijkstra_Algorithm_Dynamic_Demonstration\Dijkstra_Algorithm_Dynamic_Demonstration\Dijkstra_Algorithm_Dynamic_Demonstration.cpp(292,33): warning C4244: “参数”: 从“const double”转换到“float”，可能丢失数据
D:\C++Projects\Dijkstra_Algorithm_Dynamic_Demonstration\Dijkstra_Algorithm_Dynamic_Demonstration\Dijkstra_Algorithm_Dynamic_Demonstration.cpp(292,25): warning C4244: “参数”: 从“const double”转换到“float”，可能丢失数据
  Dijkstra_Algorithm_Dynamic_Demonstration.vcxproj -> D:\C++Projects\Dijkstra_Algorithm_Dynamic_Demonstration\x64\Debug\Dijkstra_Algorithm_Dynamic_Demonstration.exe
